#! /usr/bin/vvp -v
:ivl_version "10.3 (stable)";
:ivl_delay_selection "TYPICAL";
:vpi_time_precision - 12;
:vpi_module "system";
:vpi_module "vhdl_sys";
:vpi_module "v2005_math";
:vpi_module "va_math";
S_0x55fc18196230 .scope module, "arithmetic_unit" "arithmetic_unit" 2 27;
 .timescale -9 -12;
    .port_info 0 /OUTPUT 32 "p"
    .port_info 1 /INPUT 16 "x"
    .port_info 2 /INPUT 8 "y"
    .port_info 3 /INPUT 1 "mode"
    .port_info 4 /INPUT 1 "clk"
    .port_info 5 /INPUT 1 "reset"
v0x55fc181bac40_0 .net *"_s1", 3 0, L_0x55fc181bd240;  1 drivers
v0x55fc181bad40_0 .net *"_s10", 6 0, L_0x55fc181bd6f0;  1 drivers
L_0x7fcc4aa5c018 .functor BUFT 1, C4<000000>, C4<0>, C4<0>, C4<0>;
v0x55fc181bae20_0 .net/2u *"_s12", 5 0, L_0x7fcc4aa5c018;  1 drivers
v0x55fc181baee0_0 .net *"_s15", 0 0, L_0x55fc181bd850;  1 drivers
v0x55fc181bafc0_0 .net *"_s16", 6 0, L_0x55fc181bd980;  1 drivers
v0x55fc181bb0a0_0 .net *"_s21", 0 0, L_0x55fc181bdc00;  1 drivers
v0x55fc181bb180_0 .net *"_s22", 2 0, L_0x55fc181bdd00;  1 drivers
v0x55fc181bb260_0 .net *"_s25", 3 0, L_0x55fc181bde30;  1 drivers
v0x55fc181bb340_0 .net *"_s26", 6 0, L_0x55fc181bdf40;  1 drivers
L_0x7fcc4aa5c060 .functor BUFT 1, C4<000000>, C4<0>, C4<0>, C4<0>;
v0x55fc181bb420_0 .net/2u *"_s28", 5 0, L_0x7fcc4aa5c060;  1 drivers
v0x55fc181bb500_0 .net *"_s31", 0 0, L_0x55fc181be060;  1 drivers
v0x55fc181bb5e0_0 .net *"_s32", 6 0, L_0x55fc181be1d0;  1 drivers
v0x55fc181bb6c0_0 .net *"_s37", 0 0, L_0x55fc181be530;  1 drivers
v0x55fc181bb7a0_0 .net *"_s39", 6 0, L_0x55fc181be5d0;  1 drivers
v0x55fc181bb880_0 .net *"_s41", 0 0, L_0x55fc181be7a0;  1 drivers
v0x55fc181bb960_0 .net *"_s43", 6 0, L_0x55fc181be840;  1 drivers
v0x55fc181bba40_0 .net *"_s45", 0 0, L_0x55fc181be700;  1 drivers
v0x55fc181bbc30_0 .net *"_s47", 6 0, L_0x55fc181be9f0;  1 drivers
v0x55fc181bbd10_0 .net *"_s49", 0 0, L_0x55fc181beb80;  1 drivers
v0x55fc181bbdf0_0 .net *"_s5", 0 0, L_0x55fc181bd410;  1 drivers
v0x55fc181bbed0_0 .net *"_s51", 6 0, L_0x55fc181bec50;  1 drivers
v0x55fc181bbfb0_0 .net *"_s52", 31 0, L_0x55fc181bedf0;  1 drivers
v0x55fc181bc090_0 .net *"_s55", 31 0, L_0x55fc181bf140;  1 drivers
v0x55fc181bc170_0 .net *"_s6", 2 0, L_0x55fc181bd500;  1 drivers
v0x55fc181bc250_0 .net *"_s9", 3 0, L_0x55fc181bd650;  1 drivers
o0x7fcc4aaa50d8 .functor BUFZ 1, C4<z>; HiZ drive
v0x55fc181bc330_0 .net "clk", 0 0, o0x7fcc4aaa50d8;  0 drivers
v0x55fc181bc3d0_0 .var "dsp_a", 24 0;
v0x55fc181bc470_0 .net "dsp_a_part0", 6 0, L_0x55fc181bd340;  1 drivers
v0x55fc181bc530_0 .net "dsp_a_part1", 6 0, L_0x55fc181bdac0;  1 drivers
v0x55fc181bc610_0 .net "dsp_a_part2", 6 0, L_0x55fc181be310;  1 drivers
v0x55fc181bc6f0_0 .var "dsp_b", 17 0;
v0x55fc181bc7b0_0 .var "dsp_c", 47 0;
v0x55fc181bc850_0 .var "dsp_c_flag", 2 0;
v0x55fc181bcb20_0 .var "dsp_c_nd", 47 0;
v0x55fc181bcc00_0 .var "dsp_d", 24 0;
v0x55fc181bccc0_0 .net "dsp_p", 47 0, v0x55fc181baa80_0;  1 drivers
o0x7fcc4aaa5978 .functor BUFZ 1, C4<z>; HiZ drive
v0x55fc181bcd90_0 .net "mode", 0 0, o0x7fcc4aaa5978;  0 drivers
v0x55fc181bce30_0 .net "p", 31 0, L_0x55fc181bf2c0;  1 drivers
o0x7fcc4aaa51c8 .functor BUFZ 1, C4<z>; HiZ drive
v0x55fc181bcf10_0 .net "reset", 0 0, o0x7fcc4aaa51c8;  0 drivers
o0x7fcc4aaa59d8 .functor BUFZ 16, C4<zzzzzzzzzzzzzzzz>; HiZ drive
v0x55fc181bcfe0_0 .net "x", 15 0, o0x7fcc4aaa59d8;  0 drivers
o0x7fcc4aaa5a08 .functor BUFZ 8, C4<zzzzzzzz>; HiZ drive
v0x55fc181bd0a0_0 .net "y", 7 0, o0x7fcc4aaa5a08;  0 drivers
L_0x55fc181bd240 .part o0x7fcc4aaa59d8, 0, 4;
L_0x55fc181bd340 .extend/s 7, L_0x55fc181bd240;
L_0x55fc181bd410 .part o0x7fcc4aaa59d8, 7, 1;
L_0x55fc181bd500 .concat [ 1 1 1 0], L_0x55fc181bd410, L_0x55fc181bd410, L_0x55fc181bd410;
L_0x55fc181bd650 .part o0x7fcc4aaa59d8, 4, 4;
L_0x55fc181bd6f0 .concat [ 4 3 0 0], L_0x55fc181bd650, L_0x55fc181bd500;
L_0x55fc181bd850 .part o0x7fcc4aaa59d8, 3, 1;
L_0x55fc181bd980 .concat [ 1 6 0 0], L_0x55fc181bd850, L_0x7fcc4aa5c018;
L_0x55fc181bdac0 .arith/sub 7, L_0x55fc181bd6f0, L_0x55fc181bd980;
L_0x55fc181bdc00 .part o0x7fcc4aaa59d8, 11, 1;
L_0x55fc181bdd00 .concat [ 1 1 1 0], L_0x55fc181bdc00, L_0x55fc181bdc00, L_0x55fc181bdc00;
L_0x55fc181bde30 .part o0x7fcc4aaa59d8, 8, 4;
L_0x55fc181bdf40 .concat [ 4 3 0 0], L_0x55fc181bde30, L_0x55fc181bdd00;
L_0x55fc181be060 .part L_0x55fc181bdac0, 6, 1;
L_0x55fc181be1d0 .concat [ 1 6 0 0], L_0x55fc181be060, L_0x7fcc4aa5c060;
L_0x55fc181be310 .arith/sub 7, L_0x55fc181bdf40, L_0x55fc181be1d0;
L_0x55fc181be530 .part v0x55fc181baa80_0, 27, 1;
L_0x55fc181be5d0 .part v0x55fc181baa80_0, 21, 7;
L_0x55fc181be7a0 .part v0x55fc181baa80_0, 20, 1;
L_0x55fc181be840 .part v0x55fc181baa80_0, 14, 7;
L_0x55fc181be700 .part v0x55fc181baa80_0, 13, 1;
L_0x55fc181be9f0 .part v0x55fc181baa80_0, 7, 7;
L_0x55fc181beb80 .part v0x55fc181baa80_0, 6, 1;
L_0x55fc181bec50 .part v0x55fc181baa80_0, 0, 7;
LS_0x55fc181bedf0_0_0 .concat [ 7 1 7 1], L_0x55fc181bec50, L_0x55fc181beb80, L_0x55fc181be9f0, L_0x55fc181be700;
LS_0x55fc181bedf0_0_4 .concat [ 7 1 7 1], L_0x55fc181be840, L_0x55fc181be7a0, L_0x55fc181be5d0, L_0x55fc181be530;
L_0x55fc181bedf0 .concat [ 16 16 0 0], LS_0x55fc181bedf0_0_0, LS_0x55fc181bedf0_0_4;
L_0x55fc181bf140 .part v0x55fc181baa80_0, 0, 32;
L_0x55fc181bf2c0 .functor MUXZ 32, L_0x55fc181bf140, L_0x55fc181bedf0, o0x7fcc4aaa5978, C4<>;
S_0x55fc181963b0 .scope module, "u0_dsp_mac" "dsp_mac" 2 105, 3 23 0, S_0x55fc18196230;
 .timescale -9 -12;
    .port_info 0 /OUTPUT 48 "P"
    .port_info 1 /INPUT 25 "A"
    .port_info 2 /INPUT 18 "B"
    .port_info 3 /INPUT 48 "C"
    .port_info 4 /INPUT 25 "D"
    .port_info 5 /INPUT 1 "CLK"
    .port_info 6 /INPUT 1 "SCLR"
v0x55fc18185090_0 .net/s "A", 24 0, v0x55fc181bc3d0_0;  1 drivers
v0x55fc181866b0_0 .net/s "B", 17 0, v0x55fc181bc6f0_0;  1 drivers
v0x55fc1817bc40_0 .var/s "B_s", 17 0;
v0x55fc1817bfe0_0 .net/s "C", 47 0, v0x55fc181bc7b0_0;  1 drivers
v0x55fc1817c480_0 .net "CLK", 0 0, o0x7fcc4aaa50d8;  alias, 0 drivers
v0x55fc1817c8f0_0 .var/s "C_s1", 47 0;
v0x55fc181ba560_0 .var/s "C_s2", 47 0;
v0x55fc181ba640_0 .net/s "D", 24 0, v0x55fc181bcc00_0;  1 drivers
v0x55fc181ba720_0 .net/s "P", 47 0, v0x55fc181baa80_0;  alias, 1 drivers
v0x55fc181ba800_0 .net "SCLR", 0 0, o0x7fcc4aaa51c8;  alias, 0 drivers
v0x55fc181ba8c0_0 .var/s "dsp_inter_0", 25 0;
v0x55fc181ba9a0_0 .var/s "dsp_inter_1", 43 0;
v0x55fc181baa80_0 .var/s "dsp_out", 47 0;
E_0x55fc18187d60 .event posedge, v0x55fc1817c480_0;
    .scope S_0x55fc181963b0;
T_0 ;
    %wait E_0x55fc18187d60;
    %load/vec4 v0x55fc18185090_0;
    %pad/s 26;
    %load/vec4 v0x55fc181ba640_0;
    %pad/s 26;
    %add;
    %assign/vec4 v0x55fc181ba8c0_0, 0;
    %jmp T_0;
    .thread T_0;
    .scope S_0x55fc181963b0;
T_1 ;
    %wait E_0x55fc18187d60;
    %load/vec4 v0x55fc181866b0_0;
    %assign/vec4 v0x55fc1817bc40_0, 0;
    %jmp T_1;
    .thread T_1;
    .scope S_0x55fc181963b0;
T_2 ;
    %wait E_0x55fc18187d60;
    %load/vec4 v0x55fc181ba8c0_0;
    %pad/s 44;
    %load/vec4 v0x55fc1817bc40_0;
    %pad/s 44;
    %mul;
    %assign/vec4 v0x55fc181ba9a0_0, 0;
    %jmp T_2;
    .thread T_2;
    .scope S_0x55fc181963b0;
T_3 ;
    %wait E_0x55fc18187d60;
    %load/vec4 v0x55fc1817bfe0_0;
    %assign/vec4 v0x55fc1817c8f0_0, 0;
    %load/vec4 v0x55fc1817c8f0_0;
    %assign/vec4 v0x55fc181ba560_0, 0;
    %jmp T_3;
    .thread T_3;
    .scope S_0x55fc181963b0;
T_4 ;
    %wait E_0x55fc18187d60;
    %load/vec4 v0x55fc181ba800_0;
    %flag_set/vec4 8;
    %jmp/0xz  T_4.0, 8;
    %pushi/vec4 0, 0, 48;
    %assign/vec4 v0x55fc181baa80_0, 0;
    %jmp T_4.1;
T_4.0 ;
    %load/vec4 v0x55fc181ba9a0_0;
    %pad/s 48;
    %load/vec4 v0x55fc181ba560_0;
    %add;
    %assign/vec4 v0x55fc181baa80_0, 0;
T_4.1 ;
    %jmp T_4;
    .thread T_4;
    .scope S_0x55fc18196230;
T_5 ;
    %pushi/vec4 0, 0, 25;
    %store/vec4 v0x55fc181bc3d0_0, 0, 25;
    %pushi/vec4 0, 0, 18;
    %store/vec4 v0x55fc181bc6f0_0, 0, 18;
    %pushi/vec4 0, 0, 48;
    %store/vec4 v0x55fc181bc7b0_0, 0, 48;
    %pushi/vec4 0, 0, 25;
    %store/vec4 v0x55fc181bcc00_0, 0, 25;
    %pushi/vec4 0, 0, 3;
    %store/vec4 v0x55fc181bc850_0, 0, 3;
    %pushi/vec4 0, 0, 48;
    %store/vec4 v0x55fc181bcb20_0, 0, 48;
    %end;
    .thread T_5;
    .scope S_0x55fc18196230;
T_6 ;
    %wait E_0x55fc18187d60;
    %load/vec4 v0x55fc181bcfe0_0;
    %parti/s 1, 3, 3;
    %load/vec4 v0x55fc181bd0a0_0;
    %parti/s 1, 3, 3;
    %xor;
    %load/vec4 v0x55fc181bcfe0_0;
    %parti/s 4, 0, 2;
    %or/r;
    %and;
    %load/vec4 v0x55fc181bd0a0_0;
    %parti/s 4, 0, 2;
    %or/r;
    %and;
    %ix/load 4, 0, 0;
    %ix/load 5, 0, 0;
    %flag_set/imm 4, 0;
    %assign/vec4/off/d v0x55fc181bc850_0, 4, 5;
    %load/vec4 v0x55fc181bcfe0_0;
    %parti/s 1, 7, 4;
    %load/vec4 v0x55fc181bd0a0_0;
    %parti/s 1, 3, 3;
    %xor;
    %load/vec4 v0x55fc181bcfe0_0;
    %parti/s 4, 4, 4;
    %or/r;
    %and;
    %load/vec4 v0x55fc181bd0a0_0;
    %parti/s 4, 0, 2;
    %or/r;
    %and;
    %ix/load 4, 1, 0;
    %ix/load 5, 0, 0;
    %flag_set/imm 4, 0;
    %assign/vec4/off/d v0x55fc181bc850_0, 4, 5;
    %load/vec4 v0x55fc181bcfe0_0;
    %parti/s 1, 11, 5;
    %load/vec4 v0x55fc181bd0a0_0;
    %parti/s 1, 3, 3;
    %xor;
    %load/vec4 v0x55fc181bcfe0_0;
    %parti/s 4, 8, 5;
    %or/r;
    %and;
    %load/vec4 v0x55fc181bd0a0_0;
    %parti/s 4, 0, 2;
    %or/r;
    %and;
    %ix/load 4, 2, 0;
    %ix/load 5, 0, 0;
    %flag_set/imm 4, 0;
    %assign/vec4/off/d v0x55fc181bc850_0, 4, 5;
    %jmp T_6;
    .thread T_6;
    .scope S_0x55fc18196230;
T_7 ;
    %wait E_0x55fc18187d60;
    %load/vec4 v0x55fc181bcfe0_0;
    %parti/s 1, 7, 4;
    %load/vec4 v0x55fc181bd0a0_0;
    %parti/s 1, 7, 4;
    %xor;
    %load/vec4 v0x55fc181bcfe0_0;
    %parti/s 8, 0, 2;
    %or/r;
    %and;
    %load/vec4 v0x55fc181bd0a0_0;
    %or/r;
    %and;
    %flag_set/vec4 8;
    %jmp/0 T_7.0, 8;
    %pushi/vec4 65536, 0, 48;
    %jmp/1 T_7.1, 8;
T_7.0 ; End of true expr.
    %pushi/vec4 0, 0, 48;
    %jmp/0 T_7.1, 8;
 ; End of false expr.
    %blend;
T_7.1;
    %assign/vec4 v0x55fc181bcb20_0, 0;
    %jmp T_7;
    .thread T_7;
    .scope S_0x55fc18196230;
T_8 ;
    %wait E_0x55fc18187d60;
    %load/vec4 v0x55fc181bcd90_0;
    %flag_set/vec4 8;
    %jmp/0xz  T_8.0, 8;
    %load/vec4 v0x55fc181bc610_0;
    %load/vec4 v0x55fc181bc530_0;
    %concat/vec4; draw_concat_vec4
    %load/vec4 v0x55fc181bc470_0;
    %concat/vec4; draw_concat_vec4
    %pad/s 25;
    %assign/vec4 v0x55fc181bc3d0_0, 0;
    %jmp T_8.1;
T_8.0 ;
    %load/vec4 v0x55fc181bcfe0_0;
    %parti/s 8, 0, 2;
    %pad/s 25;
    %assign/vec4 v0x55fc181bc3d0_0, 0;
T_8.1 ;
    %jmp T_8;
    .thread T_8;
    .scope S_0x55fc18196230;
T_9 ;
    %wait E_0x55fc18187d60;
    %load/vec4 v0x55fc181bcd90_0;
    %flag_set/vec4 8;
    %jmp/0xz  T_9.0, 8;
    %load/vec4 v0x55fc181bd0a0_0;
    %parti/s 4, 0, 2;
    %pad/s 18;
    %assign/vec4 v0x55fc181bc6f0_0, 0;
    %jmp T_9.1;
T_9.0 ;
    %load/vec4 v0x55fc181bd0a0_0;
    %pad/s 18;
    %assign/vec4 v0x55fc181bc6f0_0, 0;
T_9.1 ;
    %jmp T_9;
    .thread T_9;
    .scope S_0x55fc18196230;
T_10 ;
    %wait E_0x55fc18187d60;
    %load/vec4 v0x55fc181bcd90_0;
    %flag_set/vec4 8;
    %jmp/0xz  T_10.0, 8;
    %load/vec4 v0x55fc181bcfe0_0;
    %parti/s 4, 12, 5;
    %pad/s 25;
    %ix/load 4, 21, 0;
    %flag_set/imm 4, 0;
    %shiftl 4;
    %assign/vec4 v0x55fc181bcc00_0, 0;
    %jmp T_10.1;
T_10.0 ;
    %load/vec4 v0x55fc181bcfe0_0;
    %parti/s 8, 8, 5;
    %pad/s 25;
    %ix/load 4, 16, 0;
    %flag_set/imm 4, 0;
    %shiftl 4;
    %assign/vec4 v0x55fc181bcc00_0, 0;
T_10.1 ;
    %jmp T_10;
    .thread T_10;
    .scope S_0x55fc18196230;
T_11 ;
    %wait E_0x55fc18187d60;
    %load/vec4 v0x55fc181bcd90_0;
    %flag_set/vec4 8;
    %jmp/0xz  T_11.0, 8;
    %load/vec4 v0x55fc181bc850_0;
    %dup/vec4;
    %pushi/vec4 0, 0, 3;
    %cmp/u;
    %jmp/1 T_11.2, 6;
    %dup/vec4;
    %pushi/vec4 1, 0, 3;
    %cmp/u;
    %jmp/1 T_11.3, 6;
    %dup/vec4;
    %pushi/vec4 2, 0, 3;
    %cmp/u;
    %jmp/1 T_11.4, 6;
    %dup/vec4;
    %pushi/vec4 3, 0, 3;
    %cmp/u;
    %jmp/1 T_11.5, 6;
    %dup/vec4;
    %pushi/vec4 4, 0, 3;
    %cmp/u;
    %jmp/1 T_11.6, 6;
    %dup/vec4;
    %pushi/vec4 5, 0, 3;
    %cmp/u;
    %jmp/1 T_11.7, 6;
    %dup/vec4;
    %pushi/vec4 6, 0, 3;
    %cmp/u;
    %jmp/1 T_11.8, 6;
    %dup/vec4;
    %pushi/vec4 7, 0, 3;
    %cmp/u;
    %jmp/1 T_11.9, 6;
    %jmp T_11.10;
T_11.2 ;
    %pushi/vec4 0, 0, 48;
    %assign/vec4 v0x55fc181bc7b0_0, 0;
    %jmp T_11.10;
T_11.3 ;
    %pushi/vec4 128, 0, 48;
    %assign/vec4 v0x55fc181bc7b0_0, 0;
    %jmp T_11.10;
T_11.4 ;
    %pushi/vec4 16384, 0, 48;
    %assign/vec4 v0x55fc181bc7b0_0, 0;
    %jmp T_11.10;
T_11.5 ;
    %pushi/vec4 16512, 0, 48;
    %assign/vec4 v0x55fc181bc7b0_0, 0;
    %jmp T_11.10;
T_11.6 ;
    %pushi/vec4 2097152, 0, 48;
    %assign/vec4 v0x55fc181bc7b0_0, 0;
    %jmp T_11.10;
T_11.7 ;
    %pushi/vec4 2097280, 0, 48;
    %assign/vec4 v0x55fc181bc7b0_0, 0;
    %jmp T_11.10;
T_11.8 ;
    %pushi/vec4 2113536, 0, 48;
    %assign/vec4 v0x55fc181bc7b0_0, 0;
    %jmp T_11.10;
T_11.9 ;
    %pushi/vec4 2113664, 0, 48;
    %assign/vec4 v0x55fc181bc7b0_0, 0;
    %jmp T_11.10;
T_11.10 ;
    %pop/vec4 1;
    %jmp T_11.1;
T_11.0 ;
    %load/vec4 v0x55fc181bcb20_0;
    %assign/vec4 v0x55fc181bc7b0_0, 0;
T_11.1 ;
    %jmp T_11;
    .thread T_11;
# The file index is used to find the file name in the following table.
:file_names 4;
    "N/A";
    "<interactive>";
    "hdl/arithmetic_unit.v";
    "hdl/dsp_mac.v";
