#! /usr/bin/vvp
:ivl_version "10.3 (stable)";
:ivl_delay_selection "TYPICAL";
:vpi_time_precision - 12;
:vpi_module "system";
:vpi_module "vhdl_sys";
:vpi_module "v2005_math";
:vpi_module "va_math";
S_0x55854d892120 .scope module, "arithmetic_unit_tb" "arithmetic_unit_tb" 2 17;
 .timescale -9 -12;
P_0x55854d8e1210 .param/real "CYCLE" 1 2 21, Cr<m5000000000000000gfc4>; value=5.00000
P_0x55854d8e1250 .param/l "TEST_NUM" 1 2 19, +C4<00000000000000000000000000010000>;
v0x55854d905960_0 .var "clk", 0 0;
v0x55854d905a20_0 .var/i "cnt", 31 0;
v0x55854d905b00_0 .var "mode", 0 0;
v0x55854d905bd0_0 .net "p", 31 0, L_0x55854d907fc0;  1 drivers
v0x55854d905ca0_0 .var "reset", 0 0;
v0x55854d905de0_0 .var "x", 15 0;
v0x55854d905e80_0 .var "y", 7 0;
S_0x55854d8dad50 .scope module, "u0_arithmetic_unit" "arithmetic_unit" 2 63, 3 27 0, S_0x55854d892120;
 .timescale -9 -12;
    .port_info 0 /OUTPUT 32 "p"
    .port_info 1 /INPUT 16 "x"
    .port_info 2 /INPUT 8 "y"
    .port_info 3 /INPUT 1 "mode"
    .port_info 4 /INPUT 1 "clk"
    .port_info 5 /INPUT 1 "reset"
v0x55854d9033b0_0 .net *"_s1", 3 0, L_0x55854d905f20;  1 drivers
v0x55854d9034b0_0 .net *"_s10", 6 0, L_0x55854d906480;  1 drivers
L_0x7fdb83282018 .functor BUFT 1, C4<000000>, C4<0>, C4<0>, C4<0>;
v0x55854d903590_0 .net/2u *"_s12", 5 0, L_0x7fdb83282018;  1 drivers
v0x55854d903650_0 .net *"_s15", 0 0, L_0x55854d906590;  1 drivers
v0x55854d903730_0 .net *"_s16", 6 0, L_0x55854d906630;  1 drivers
v0x55854d903810_0 .net *"_s21", 0 0, L_0x55854d906900;  1 drivers
v0x55854d9038f0_0 .net *"_s22", 2 0, L_0x55854d906a00;  1 drivers
v0x55854d9039d0_0 .net *"_s25", 3 0, L_0x55854d906b30;  1 drivers
v0x55854d903ab0_0 .net *"_s26", 6 0, L_0x55854d906c40;  1 drivers
L_0x7fdb83282060 .functor BUFT 1, C4<000000>, C4<0>, C4<0>, C4<0>;
v0x55854d903c20_0 .net/2u *"_s28", 5 0, L_0x7fdb83282060;  1 drivers
v0x55854d903d00_0 .net *"_s31", 0 0, L_0x55854d906d60;  1 drivers
v0x55854d903de0_0 .net *"_s32", 6 0, L_0x55854d906ed0;  1 drivers
v0x55854d903ec0_0 .net *"_s37", 0 0, L_0x55854d907230;  1 drivers
v0x55854d903fa0_0 .net *"_s39", 6 0, L_0x55854d9072d0;  1 drivers
v0x55854d904080_0 .net *"_s41", 0 0, L_0x55854d9074a0;  1 drivers
v0x55854d904160_0 .net *"_s43", 6 0, L_0x55854d907540;  1 drivers
v0x55854d904240_0 .net *"_s45", 0 0, L_0x55854d907400;  1 drivers
v0x55854d904320_0 .net *"_s47", 6 0, L_0x55854d9076f0;  1 drivers
v0x55854d904400_0 .net *"_s49", 0 0, L_0x55854d907880;  1 drivers
v0x55854d9044e0_0 .net *"_s5", 0 0, L_0x55854d906130;  1 drivers
v0x55854d9045c0_0 .net *"_s51", 6 0, L_0x55854d907950;  1 drivers
v0x55854d9046a0_0 .net *"_s52", 31 0, L_0x55854d907af0;  1 drivers
v0x55854d904780_0 .net *"_s55", 31 0, L_0x55854d907e40;  1 drivers
v0x55854d904860_0 .net *"_s6", 2 0, L_0x55854d9061d0;  1 drivers
v0x55854d904940_0 .net *"_s9", 3 0, L_0x55854d906350;  1 drivers
v0x55854d904a20_0 .net "clk", 0 0, v0x55854d905960_0;  1 drivers
v0x55854d904ac0_0 .var "dsp_a", 24 0;
v0x55854d904b60_0 .net "dsp_a_part0", 6 0, L_0x55854d906040;  1 drivers
v0x55854d904c20_0 .net "dsp_a_part1", 6 0, L_0x55854d9067c0;  1 drivers
v0x55854d904d00_0 .net "dsp_a_part2", 6 0, L_0x55854d907010;  1 drivers
v0x55854d904de0_0 .var "dsp_b", 17 0;
v0x55854d904ea0_0 .var "dsp_c", 47 0;
v0x55854d904f40_0 .var "dsp_c_flag", 2 0;
v0x55854d905210_0 .var "dsp_c_nd", 47 0;
v0x55854d9052f0_0 .var "dsp_d", 24 0;
v0x55854d9053e0_0 .net "dsp_p", 47 0, v0x55854d9031f0_0;  1 drivers
v0x55854d9054b0_0 .net "mode", 0 0, v0x55854d905b00_0;  1 drivers
v0x55854d905550_0 .net "p", 31 0, L_0x55854d907fc0;  alias, 1 drivers
v0x55854d905630_0 .net "reset", 0 0, v0x55854d905ca0_0;  1 drivers
v0x55854d905700_0 .net "x", 15 0, v0x55854d905de0_0;  1 drivers
v0x55854d9057c0_0 .net "y", 7 0, v0x55854d905e80_0;  1 drivers
L_0x55854d905f20 .part v0x55854d905de0_0, 0, 4;
L_0x55854d906040 .extend/s 7, L_0x55854d905f20;
L_0x55854d906130 .part v0x55854d905de0_0, 7, 1;
L_0x55854d9061d0 .concat [ 1 1 1 0], L_0x55854d906130, L_0x55854d906130, L_0x55854d906130;
L_0x55854d906350 .part v0x55854d905de0_0, 4, 4;
L_0x55854d906480 .concat [ 4 3 0 0], L_0x55854d906350, L_0x55854d9061d0;
L_0x55854d906590 .part v0x55854d905de0_0, 3, 1;
L_0x55854d906630 .concat [ 1 6 0 0], L_0x55854d906590, L_0x7fdb83282018;
L_0x55854d9067c0 .arith/sub 7, L_0x55854d906480, L_0x55854d906630;
L_0x55854d906900 .part v0x55854d905de0_0, 11, 1;
L_0x55854d906a00 .concat [ 1 1 1 0], L_0x55854d906900, L_0x55854d906900, L_0x55854d906900;
L_0x55854d906b30 .part v0x55854d905de0_0, 8, 4;
L_0x55854d906c40 .concat [ 4 3 0 0], L_0x55854d906b30, L_0x55854d906a00;
L_0x55854d906d60 .part L_0x55854d9067c0, 6, 1;
L_0x55854d906ed0 .concat [ 1 6 0 0], L_0x55854d906d60, L_0x7fdb83282060;
L_0x55854d907010 .arith/sub 7, L_0x55854d906c40, L_0x55854d906ed0;
L_0x55854d907230 .part v0x55854d9031f0_0, 27, 1;
L_0x55854d9072d0 .part v0x55854d9031f0_0, 21, 7;
L_0x55854d9074a0 .part v0x55854d9031f0_0, 20, 1;
L_0x55854d907540 .part v0x55854d9031f0_0, 14, 7;
L_0x55854d907400 .part v0x55854d9031f0_0, 13, 1;
L_0x55854d9076f0 .part v0x55854d9031f0_0, 7, 7;
L_0x55854d907880 .part v0x55854d9031f0_0, 6, 1;
L_0x55854d907950 .part v0x55854d9031f0_0, 0, 7;
LS_0x55854d907af0_0_0 .concat [ 7 1 7 1], L_0x55854d907950, L_0x55854d907880, L_0x55854d9076f0, L_0x55854d907400;
LS_0x55854d907af0_0_4 .concat [ 7 1 7 1], L_0x55854d907540, L_0x55854d9074a0, L_0x55854d9072d0, L_0x55854d907230;
L_0x55854d907af0 .concat [ 16 16 0 0], LS_0x55854d907af0_0_0, LS_0x55854d907af0_0_4;
L_0x55854d907e40 .part v0x55854d9031f0_0, 0, 32;
L_0x55854d907fc0 .functor MUXZ 32, L_0x55854d907e40, L_0x55854d907af0, v0x55854d905b00_0, C4<>;
S_0x55854d8daed0 .scope module, "u0_dsp_mac" "dsp_mac" 3 105, 4 23 0, S_0x55854d8dad50;
 .timescale -9 -12;
    .port_info 0 /OUTPUT 48 "P"
    .port_info 1 /INPUT 25 "A"
    .port_info 2 /INPUT 18 "B"
    .port_info 3 /INPUT 48 "C"
    .port_info 4 /INPUT 25 "D"
    .port_info 5 /INPUT 1 "CLK"
    .port_info 6 /INPUT 1 "SCLR"
v0x55854d8c6310_0 .net/s "A", 24 0, v0x55854d904ac0_0;  1 drivers
v0x55854d8e0c80_0 .net/s "B", 17 0, v0x55854d904de0_0;  1 drivers
v0x55854d8bcf70_0 .var/s "B_s", 17 0;
v0x55854d8bd310_0 .net/s "C", 47 0, v0x55854d904ea0_0;  1 drivers
v0x55854d8bd7b0_0 .net "CLK", 0 0, v0x55854d905960_0;  alias, 1 drivers
v0x55854d8bdc20_0 .var/s "C_s1", 47 0;
v0x55854d902cd0_0 .var/s "C_s2", 47 0;
v0x55854d902db0_0 .net/s "D", 24 0, v0x55854d9052f0_0;  1 drivers
v0x55854d902e90_0 .net/s "P", 47 0, v0x55854d9031f0_0;  alias, 1 drivers
v0x55854d902f70_0 .net "SCLR", 0 0, v0x55854d905ca0_0;  alias, 1 drivers
v0x55854d903030_0 .var/s "dsp_inter_0", 25 0;
v0x55854d903110_0 .var/s "dsp_inter_1", 43 0;
v0x55854d9031f0_0 .var/s "dsp_out", 47 0;
E_0x55854d8cc590 .event posedge, v0x55854d8bd7b0_0;
    .scope S_0x55854d8daed0;
T_0 ;
    %wait E_0x55854d8cc590;
    %load/vec4 v0x55854d8c6310_0;
    %pad/s 26;
    %load/vec4 v0x55854d902db0_0;
    %pad/s 26;
    %add;
    %assign/vec4 v0x55854d903030_0, 0;
    %jmp T_0;
    .thread T_0;
    .scope S_0x55854d8daed0;
T_1 ;
    %wait E_0x55854d8cc590;
    %load/vec4 v0x55854d8e0c80_0;
    %assign/vec4 v0x55854d8bcf70_0, 0;
    %jmp T_1;
    .thread T_1;
    .scope S_0x55854d8daed0;
T_2 ;
    %wait E_0x55854d8cc590;
    %load/vec4 v0x55854d903030_0;
    %pad/s 44;
    %load/vec4 v0x55854d8bcf70_0;
    %pad/s 44;
    %mul;
    %assign/vec4 v0x55854d903110_0, 0;
    %jmp T_2;
    .thread T_2;
    .scope S_0x55854d8daed0;
T_3 ;
    %wait E_0x55854d8cc590;
    %load/vec4 v0x55854d8bd310_0;
    %assign/vec4 v0x55854d8bdc20_0, 0;
    %load/vec4 v0x55854d8bdc20_0;
    %assign/vec4 v0x55854d902cd0_0, 0;
    %jmp T_3;
    .thread T_3;
    .scope S_0x55854d8daed0;
T_4 ;
    %wait E_0x55854d8cc590;
    %load/vec4 v0x55854d902f70_0;
    %flag_set/vec4 8;
    %jmp/0xz  T_4.0, 8;
    %pushi/vec4 0, 0, 48;
    %assign/vec4 v0x55854d9031f0_0, 0;
    %jmp T_4.1;
T_4.0 ;
    %load/vec4 v0x55854d903110_0;
    %pad/s 48;
    %load/vec4 v0x55854d902cd0_0;
    %add;
    %assign/vec4 v0x55854d9031f0_0, 0;
T_4.1 ;
    %jmp T_4;
    .thread T_4;
    .scope S_0x55854d8dad50;
T_5 ;
    %pushi/vec4 0, 0, 25;
    %store/vec4 v0x55854d904ac0_0, 0, 25;
    %pushi/vec4 0, 0, 18;
    %store/vec4 v0x55854d904de0_0, 0, 18;
    %pushi/vec4 0, 0, 48;
    %store/vec4 v0x55854d904ea0_0, 0, 48;
    %pushi/vec4 0, 0, 25;
    %store/vec4 v0x55854d9052f0_0, 0, 25;
    %pushi/vec4 0, 0, 3;
    %store/vec4 v0x55854d904f40_0, 0, 3;
    %pushi/vec4 0, 0, 48;
    %store/vec4 v0x55854d905210_0, 0, 48;
    %end;
    .thread T_5;
    .scope S_0x55854d8dad50;
T_6 ;
    %wait E_0x55854d8cc590;
    %load/vec4 v0x55854d905700_0;
    %parti/s 1, 3, 3;
    %load/vec4 v0x55854d9057c0_0;
    %parti/s 1, 3, 3;
    %xor;
    %load/vec4 v0x55854d905700_0;
    %parti/s 4, 0, 2;
    %or/r;
    %and;
    %load/vec4 v0x55854d9057c0_0;
    %parti/s 4, 0, 2;
    %or/r;
    %and;
    %ix/load 4, 0, 0;
    %ix/load 5, 0, 0;
    %flag_set/imm 4, 0;
    %assign/vec4/off/d v0x55854d904f40_0, 4, 5;
    %load/vec4 v0x55854d905700_0;
    %parti/s 1, 7, 4;
    %load/vec4 v0x55854d9057c0_0;
    %parti/s 1, 3, 3;
    %xor;
    %load/vec4 v0x55854d905700_0;
    %parti/s 4, 4, 4;
    %or/r;
    %and;
    %load/vec4 v0x55854d9057c0_0;
    %parti/s 4, 0, 2;
    %or/r;
    %and;
    %ix/load 4, 1, 0;
    %ix/load 5, 0, 0;
    %flag_set/imm 4, 0;
    %assign/vec4/off/d v0x55854d904f40_0, 4, 5;
    %load/vec4 v0x55854d905700_0;
    %parti/s 1, 11, 5;
    %load/vec4 v0x55854d9057c0_0;
    %parti/s 1, 3, 3;
    %xor;
    %load/vec4 v0x55854d905700_0;
    %parti/s 4, 8, 5;
    %or/r;
    %and;
    %load/vec4 v0x55854d9057c0_0;
    %parti/s 4, 0, 2;
    %or/r;
    %and;
    %ix/load 4, 2, 0;
    %ix/load 5, 0, 0;
    %flag_set/imm 4, 0;
    %assign/vec4/off/d v0x55854d904f40_0, 4, 5;
    %jmp T_6;
    .thread T_6;
    .scope S_0x55854d8dad50;
T_7 ;
    %wait E_0x55854d8cc590;
    %load/vec4 v0x55854d905700_0;
    %parti/s 1, 7, 4;
    %load/vec4 v0x55854d9057c0_0;
    %parti/s 1, 7, 4;
    %xor;
    %load/vec4 v0x55854d905700_0;
    %parti/s 8, 0, 2;
    %or/r;
    %and;
    %load/vec4 v0x55854d9057c0_0;
    %or/r;
    %and;
    %flag_set/vec4 8;
    %jmp/0 T_7.0, 8;
    %pushi/vec4 65536, 0, 48;
    %jmp/1 T_7.1, 8;
T_7.0 ; End of true expr.
    %pushi/vec4 0, 0, 48;
    %jmp/0 T_7.1, 8;
 ; End of false expr.
    %blend;
T_7.1;
    %assign/vec4 v0x55854d905210_0, 0;
    %jmp T_7;
    .thread T_7;
    .scope S_0x55854d8dad50;
T_8 ;
    %wait E_0x55854d8cc590;
    %load/vec4 v0x55854d9054b0_0;
    %flag_set/vec4 8;
    %jmp/0xz  T_8.0, 8;
    %load/vec4 v0x55854d904d00_0;
    %load/vec4 v0x55854d904c20_0;
    %concat/vec4; draw_concat_vec4
    %load/vec4 v0x55854d904b60_0;
    %concat/vec4; draw_concat_vec4
    %pad/s 25;
    %assign/vec4 v0x55854d904ac0_0, 0;
    %jmp T_8.1;
T_8.0 ;
    %load/vec4 v0x55854d905700_0;
    %parti/s 8, 0, 2;
    %pad/s 25;
    %assign/vec4 v0x55854d904ac0_0, 0;
T_8.1 ;
    %jmp T_8;
    .thread T_8;
    .scope S_0x55854d8dad50;
T_9 ;
    %wait E_0x55854d8cc590;
    %load/vec4 v0x55854d9054b0_0;
    %flag_set/vec4 8;
    %jmp/0xz  T_9.0, 8;
    %load/vec4 v0x55854d9057c0_0;
    %parti/s 4, 0, 2;
    %pad/s 18;
    %assign/vec4 v0x55854d904de0_0, 0;
    %jmp T_9.1;
T_9.0 ;
    %load/vec4 v0x55854d9057c0_0;
    %pad/s 18;
    %assign/vec4 v0x55854d904de0_0, 0;
T_9.1 ;
    %jmp T_9;
    .thread T_9;
    .scope S_0x55854d8dad50;
T_10 ;
    %wait E_0x55854d8cc590;
    %load/vec4 v0x55854d9054b0_0;
    %flag_set/vec4 8;
    %jmp/0xz  T_10.0, 8;
    %load/vec4 v0x55854d905700_0;
    %parti/s 4, 12, 5;
    %pad/s 25;
    %ix/load 4, 21, 0;
    %flag_set/imm 4, 0;
    %shiftl 4;
    %assign/vec4 v0x55854d9052f0_0, 0;
    %jmp T_10.1;
T_10.0 ;
    %load/vec4 v0x55854d905700_0;
    %parti/s 8, 8, 5;
    %pad/s 25;
    %ix/load 4, 16, 0;
    %flag_set/imm 4, 0;
    %shiftl 4;
    %assign/vec4 v0x55854d9052f0_0, 0;
T_10.1 ;
    %jmp T_10;
    .thread T_10;
    .scope S_0x55854d8dad50;
T_11 ;
    %wait E_0x55854d8cc590;
    %load/vec4 v0x55854d9054b0_0;
    %flag_set/vec4 8;
    %jmp/0xz  T_11.0, 8;
    %load/vec4 v0x55854d904f40_0;
    %dup/vec4;
    %pushi/vec4 0, 0, 3;
    %cmp/u;
    %jmp/1 T_11.2, 6;
    %dup/vec4;
    %pushi/vec4 1, 0, 3;
    %cmp/u;
    %jmp/1 T_11.3, 6;
    %dup/vec4;
    %pushi/vec4 2, 0, 3;
    %cmp/u;
    %jmp/1 T_11.4, 6;
    %dup/vec4;
    %pushi/vec4 3, 0, 3;
    %cmp/u;
    %jmp/1 T_11.5, 6;
    %dup/vec4;
    %pushi/vec4 4, 0, 3;
    %cmp/u;
    %jmp/1 T_11.6, 6;
    %dup/vec4;
    %pushi/vec4 5, 0, 3;
    %cmp/u;
    %jmp/1 T_11.7, 6;
    %dup/vec4;
    %pushi/vec4 6, 0, 3;
    %cmp/u;
    %jmp/1 T_11.8, 6;
    %dup/vec4;
    %pushi/vec4 7, 0, 3;
    %cmp/u;
    %jmp/1 T_11.9, 6;
    %jmp T_11.10;
T_11.2 ;
    %pushi/vec4 0, 0, 48;
    %assign/vec4 v0x55854d904ea0_0, 0;
    %jmp T_11.10;
T_11.3 ;
    %pushi/vec4 128, 0, 48;
    %assign/vec4 v0x55854d904ea0_0, 0;
    %jmp T_11.10;
T_11.4 ;
    %pushi/vec4 16384, 0, 48;
    %assign/vec4 v0x55854d904ea0_0, 0;
    %jmp T_11.10;
T_11.5 ;
    %pushi/vec4 16512, 0, 48;
    %assign/vec4 v0x55854d904ea0_0, 0;
    %jmp T_11.10;
T_11.6 ;
    %pushi/vec4 2097152, 0, 48;
    %assign/vec4 v0x55854d904ea0_0, 0;
    %jmp T_11.10;
T_11.7 ;
    %pushi/vec4 2097280, 0, 48;
    %assign/vec4 v0x55854d904ea0_0, 0;
    %jmp T_11.10;
T_11.8 ;
    %pushi/vec4 2113536, 0, 48;
    %assign/vec4 v0x55854d904ea0_0, 0;
    %jmp T_11.10;
T_11.9 ;
    %pushi/vec4 2113664, 0, 48;
    %assign/vec4 v0x55854d904ea0_0, 0;
    %jmp T_11.10;
T_11.10 ;
    %pop/vec4 1;
    %jmp T_11.1;
T_11.0 ;
    %load/vec4 v0x55854d905210_0;
    %assign/vec4 v0x55854d904ea0_0, 0;
T_11.1 ;
    %jmp T_11;
    .thread T_11;
    .scope S_0x55854d892120;
T_12 ;
    %pushi/vec4 0, 0, 32;
    %store/vec4 v0x55854d905a20_0, 0, 32;
    %end;
    .thread T_12;
    .scope S_0x55854d892120;
T_13 ;
    %pushi/vec4 1, 0, 1;
    %store/vec4 v0x55854d905ca0_0, 0, 1;
    %delay 2500, 0;
    %pushi/vec4 0, 0, 1;
    %store/vec4 v0x55854d905ca0_0, 0, 1;
    %end;
    .thread T_13;
    .scope S_0x55854d892120;
T_14 ;
    %pushi/vec4 1, 0, 1;
    %store/vec4 v0x55854d905960_0, 0, 1;
    %delay 2500, 0;
    %pushi/vec4 0, 0, 1;
    %store/vec4 v0x55854d905960_0, 0, 1;
    %delay 2500, 0;
    %jmp T_14;
    .thread T_14;
    .scope S_0x55854d892120;
T_15 ;
    %wait E_0x55854d8cc590;
    %load/vec4 v0x55854d905a20_0;
    %cmpi/e 16, 0, 32;
    %jmp/0xz  T_15.0, 4;
    %pushi/vec4 0, 0, 16;
    %assign/vec4 v0x55854d905de0_0, 0;
    %pushi/vec4 0, 0, 8;
    %assign/vec4 v0x55854d905e80_0, 0;
    %vpi_call 2 49 "$finish" {0 0 0};
    %jmp T_15.1;
T_15.0 ;
    %vpi_func 2 51 "$random" 32 {0 0 0};
    %pushi/vec4 65536, 0, 32;
    %mod/s;
    %pad/s 16;
    %assign/vec4 v0x55854d905de0_0, 0;
    %vpi_func 2 52 "$random" 32 {0 0 0};
    %pushi/vec4 256, 0, 32;
    %mod/s;
    %pad/s 8;
    %assign/vec4 v0x55854d905e80_0, 0;
    %pushi/vec4 0, 0, 1;
    %assign/vec4 v0x55854d905b00_0, 0;
    %load/vec4 v0x55854d905a20_0;
    %addi 1, 0, 32;
    %assign/vec4 v0x55854d905a20_0, 0;
T_15.1 ;
    %jmp T_15;
    .thread T_15;
    .scope S_0x55854d892120;
T_16 ;
    %vpi_call 2 59 "$dumpfile", "icout/arithmetic_unit_wave.lxt" {0 0 0};
    %vpi_call 2 60 "$dumpvars", 32'sb00000000000000000000000000000000, S_0x55854d892120 {0 0 0};
    %end;
    .thread T_16;
# The file index is used to find the file name in the following table.
:file_names 5;
    "N/A";
    "<interactive>";
    "hdl/arithmetic_unit_tb.v";
    "hdl/arithmetic_unit.v";
    "hdl/dsp_mac.v";
